{"contracts\\token\\AbraToken.sol":{"l":{"9":5,"10":3,"11":1,"12":0,"14":1},"path":"C:\\Users\\Admin\\Desktop\\Applicature\\Abra\\contracts\\token\\AbraToken.sol","s":{"1":5,"2":3,"3":1,"4":0,"5":1},"b":{"1":[3,2],"2":[1,2],"3":[0,1]},"f":{"1":5},"fnMap":{"1":{"name":"constructor","line":8,"loc":{"start":{"line":8,"column":4},"end":{"line":15,"column":4}}}},"statementMap":{"1":{"start":{"line":9,"column":8},"end":{"line":9,"column":68}},"2":{"start":{"line":10,"column":8},"end":{"line":10,"column":70}},"3":{"start":{"line":11,"column":8},"end":{"line":11,"column":548}},"4":{"start":{"line":12,"column":12},"end":{"line":12,"column":35}},"5":{"start":{"line":14,"column":8},"end":{"line":14,"column":36}}},"branchMap":{"1":{"line":9,"type":"if","locations":[{"start":{"line":9,"column":8},"end":{"line":9,"column":8}},{"start":{"line":9,"column":8},"end":{"line":9,"column":8}}]},"2":{"line":10,"type":"if","locations":[{"start":{"line":10,"column":8},"end":{"line":10,"column":8}},{"start":{"line":10,"column":8},"end":{"line":10,"column":8}}]},"3":{"line":11,"type":"if","locations":[{"start":{"line":11,"column":8},"end":{"line":11,"column":8}},{"start":{"line":11,"column":8},"end":{"line":11,"column":8}}]}}}}